# JRE version: OpenJDK Runtime Environment (11.0.11+9) (build 11.0.11+9-b60-7590822)
# Java VM: OpenJDK 64-Bit Server VM (11.0.11+9-b60-7590822, mixed mode, tiered, compressed oops, g1 gc, windows-amd64)
Heap:
 garbage-first heap   total 600064K, used 222500K [0x0000000080000000, 0x0000000100000000)
  region size 1024K, 11 young (11264K), 11 survivors (11264K)
 Metaspace       used 138476K, capacity 142174K, committed 142208K, reserved 1173504K
  class space    used 17222K, capacity 18548K, committed 18560K, reserved 1048576K
GC Heap History (20 events):
Event: 160.668 GC heap after
{Heap after GC invocations=51 (full 0):
 garbage-first heap   total 264192K, used 184011K [0x0000000080000000, 0x0000000100000000)
  region size 1024K, 2 young (2048K), 2 survivors (2048K)
 Metaspace       used 128563K, capacity 132030K, committed 132224K, reserved 1163264K
  class space    used 16213K, capacity 17488K, committed 17536K, reserved 1048576K
}
Event: 161.128 GC heap before
{Heap before GC invocations=51 (full 0):
 garbage-first heap   total 264192K, used 222923K [0x0000000080000000, 0x0000000100000000)
  region size 1024K, 41 young (41984K), 2 survivors (2048K)
 Metaspace       used 131989K, capacity 135515K, committed 135808K, reserved 1167360K
  class space    used 16475K, capacity 17745K, committed 17792K, reserved 1048576K
}
Event: 161.138 GC heap after
{Heap after GC invocations=52 (full 0):
 garbage-first heap   total 264192K, used 187239K [0x0000000080000000, 0x0000000100000000)
  region size 1024K, 5 young (5120K), 5 survivors (5120K)
 Metaspace       used 131989K, capacity 135515K, committed 135808K, reserved 1167360K
  class space    used 16475K, capacity 17745K, committed 17792K, reserved 1048576K
}
Event: 161.775 GC heap before
{Heap before GC invocations=53 (full 0):
 garbage-first heap   total 264192K, used 214887K [0x0000000080000000, 0x0000000100000000)
  region size 1024K, 42 young (43008K), 5 survivors (5120K)
 Metaspace       used 132774K, capacity 136315K, committed 136576K, reserved 1167360K
  class space    used 16525K, capacity 17777K, committed 17792K, reserved 1048576K
}
Event: 161.801 GC heap after
{Heap after GC invocations=54 (full 0):
 garbage-first heap   total 264192K, used 181440K [0x0000000080000000, 0x0000000100000000)
  region size 1024K, 5 young (5120K), 5 survivors (5120K)
 Metaspace       used 132774K, capacity 136315K, committed 136576K, reserved 1167360K
  class space    used 16525K, capacity 17777K, committed 17792K, reserved 1048576K
}
Event: 161.849 GC heap before
{Heap before GC invocations=54 (full 0):
 garbage-first heap   total 264192K, used 188608K [0x0000000080000000, 0x0000000100000000)
  region size 1024K, 12 young (12288K), 5 survivors (5120K)
 Metaspace       used 132803K, capacity 136379K, committed 136576K, reserved 1167360K
  class space    used 16528K, capacity 17777K, committed 17792K, reserved 1048576K
}
Event: 161.876 GC heap after
{Heap after GC invocations=55 (full 0):
 garbage-first heap   total 264192K, used 165151K [0x0000000080000000, 0x0000000100000000)
  region size 1024K, 2 young (2048K), 2 survivors (2048K)
 Metaspace       used 132803K, capacity 136379K, committed 136576K, reserved 1167360K
  class space    used 16528K, capacity 17777K, committed 17792K, reserved 1048576K
}
Event: 162.734 GC heap before
{Heap before GC invocations=55 (full 0):
 garbage-first heap   total 264192K, used 212255K [0x0000000080000000, 0x0000000100000000)
  region size 1024K, 49 young (50176K), 2 survivors (2048K)
 Metaspace       used 134186K, capacity 137718K, committed 137856K, reserved 1169408K
  class space    used 16669K, capacity 17922K, committed 18048K, reserved 1048576K
}
Event: 162.745 GC heap after
{Heap after GC invocations=56 (full 0):
 garbage-first heap   total 264192K, used 168183K [0x0000000080000000, 0x0000000100000000)
  region size 1024K, 5 young (5120K), 5 survivors (5120K)
 Metaspace       used 134186K, capacity 137718K, committed 137856K, reserved 1169408K
  class space    used 16669K, capacity 17922K, committed 18048K, reserved 1048576K
}
Event: 163.713 GC heap before
{Heap before GC invocations=56 (full 0):
 garbage-first heap   total 264192K, used 214263K [0x0000000080000000, 0x0000000100000000)
  region size 1024K, 51 young (52224K), 5 survivors (5120K)
 Metaspace       used 134820K, capacity 138403K, committed 138624K, reserved 1169408K
  class space    used 16729K, capacity 17997K, committed 18048K, reserved 1048576K
}
Event: 163.734 GC heap after
{Heap after GC invocations=57 (full 0):
 garbage-first heap   total 264192K, used 173415K [0x0000000080000000, 0x0000000100000000)
  region size 1024K, 6 young (6144K), 6 survivors (6144K)
 Metaspace       used 134820K, capacity 138403K, committed 138624K, reserved 1169408K
  class space    used 16729K, capacity 17997K, committed 18048K, reserved 1048576K
}
Event: 164.047 GC heap before
{Heap before GC invocations=57 (full 0):
 garbage-first heap   total 264192K, used 190823K [0x0000000080000000, 0x0000000100000000)
  region size 1024K, 25 young (25600K), 6 survivors (6144K)
 Metaspace       used 135180K, capacity 138721K, committed 138880K, reserved 1169408K
  class space    used 16777K, capacity 18036K, committed 18048K, reserved 1048576K
}
Event: 164.083 GC heap after
{Heap after GC invocations=58 (full 0):
 garbage-first heap   total 363520K, used 174414K [0x0000000080000000, 0x0000000100000000)
  region size 1024K, 2 young (2048K), 2 survivors (2048K)
 Metaspace       used 135180K, capacity 138721K, committed 138880K, reserved 1169408K
  class space    used 16777K, capacity 18036K, committed 18048K, reserved 1048576K
}
Event: 165.129 GC heap before
{Heap before GC invocations=59 (full 0):
 garbage-first heap   total 363520K, used 263502K [0x0000000080000000, 0x0000000100000000)
  region size 1024K, 86 young (88064K), 2 survivors (2048K)
 Metaspace       used 135781K, capacity 139335K, committed 139520K, reserved 1171456K
  class space    used 16856K, capacity 18132K, committed 18176K, reserved 1048576K
}
Event: 165.180 GC heap after
{Heap after GC invocations=60 (full 0):
 garbage-first heap   total 363520K, used 192712K [0x0000000080000000, 0x0000000100000000)
  region size 1024K, 11 young (11264K), 11 survivors (11264K)
 Metaspace       used 135781K, capacity 139335K, committed 139520K, reserved 1171456K
  class space    used 16856K, capacity 18132K, committed 18176K, reserved 1048576K
}
Event: 165.197 GC heap before
{Heap before GC invocations=60 (full 0):
 garbage-first heap   total 363520K, used 197832K [0x0000000080000000, 0x0000000100000000)
  region size 1024K, 17 young (17408K), 11 survivors (11264K)
 Metaspace       used 135795K, capacity 139335K, committed 139520K, reserved 1171456K
  class space    used 16856K, capacity 18132K, committed 18176K, reserved 1048576K
}
Event: 165.234 GC heap after
{Heap after GC invocations=61 (full 0):
 garbage-first heap   total 363520K, used 183939K [0x0000000080000000, 0x0000000100000000)
  region size 1024K, 3 young (3072K), 3 survivors (3072K)
 Metaspace       used 135795K, capacity 139335K, committed 139520K, reserved 1171456K
  class space    used 16856K, capacity 18132K, committed 18176K, reserved 1048576K
}
Event: 166.097 GC heap before
{Heap before GC invocations=61 (full 0):
 garbage-first heap   total 363520K, used 268931K [0x0000000080000000, 0x0000000100000000)
  region size 1024K, 87 young (89088K), 3 survivors (3072K)
 Metaspace       used 137280K, capacity 140888K, committed 141056K, reserved 1171456K
  class space    used 17050K, capacity 18356K, committed 18432K, reserved 1048576K
}
Event: 166.142 GC heap after
{Heap after GC invocations=62 (full 0):
 garbage-first heap   total 363520K, used 205824K [0x0000000080000000, 0x0000000100000000)
  region size 1024K, 11 young (11264K), 11 survivors (11264K)
 Metaspace       used 137280K, capacity 140888K, committed 141056K, reserved 1171456K
  class space    used 17050K, capacity 18356K, committed 18432K, reserved 1048576K
}
Event: 166.481 GC heap before
{Heap before GC invocations=62 (full 0):
 garbage-first heap   total 363520K, used 277504K [0x0000000080000000, 0x0000000100000000)
  region size 1024K, 81 young (82944K), 11 survivors (11264K)
 Metaspace       used 138476K, capacity 142174K, committed 142208K, reserved 1173504K
  class space    used 17222K, capacity 18548K, committed 18560K, reserved 1048576K
}

